make all --print-data-base --no-builtin-variables --no-builtin-rules --question
make: *** No rule to make target 'all'.  Stop.

# GNU Make 4.2.1
# Built for x86_64-pc-linux-gnu
# Copyright (C) 1988-2016 Free Software Foundation, Inc.
# License GPLv3+: GNU GPL version 3 or later <http://gnu.org/licenses/gpl.html>
# This is free software: you are free to change and redistribute it.
# There is NO WARRANTY, to the extent permitted by law.

# Make data base, printed on Fri Jun  3 18:44:05 2022

# Variables

# 'override' directive
GNUMAKEFLAGS := 
# automatic
<D = $(patsubst %/,%,$(dir $<))
# automatic
?F = $(notdir $?)
# environment
DESKTOP_SESSION = ubuntu
# default
.SHELLFLAGS := -c
# environment
XDG_SESSION_CLASS = user
# environment
XDG_SESSION_TYPE = x11
# environment
VSCODE_LOG_NATIVE = false
# automatic
?D = $(patsubst %/,%,$(dir $?))
# environment
IM_CONFIG_PHASE = 1
# automatic
@D = $(patsubst %/,%,$(dir $@))
# environment
XAUTHORITY = /run/user/1000/gdm/Xauthority
# environment
GDMSESSION = ubuntu
# environment
XMODIFIERS = @im=ibus
# makefile
CURDIR := /home/valerio/Scrivania/miaofetch
# makefile
SHELL = /bin/sh
# environment
VSCODE_NLS_CONFIG = {"locale":"it","availableLanguages":{},"_languagePackSupport":true}
# environment
_ = /usr/share/code-insiders/code-insiders
# environment
JOURNAL_STREAM = 8:60428
# environment
XDG_CONFIG_DIRS = /etc/xdg/xdg-ubuntu:/etc/xdg:/usr/share/kubuntu-default-settings/kf5-settings
# environment
STARSHIP_SESSION_KEY = 1715224734165192
# automatic
@F = $(notdir $@)
# environment
GIO_LAUNCHED_DESKTOP_FILE = /usr/share/applications/code-insiders.desktop
# environment
USERNAME = valerio
# environment
MANDATORY_PATH = /usr/share/gconf/ubuntu.mandatory.path
# environment
XDG_DATA_DIRS = /usr/share/ubuntu:/usr/local/share/:/usr/share/:/var/lib/snapd/desktop
# environment
DBUS_SESSION_BUS_ADDRESS = unix:path=/run/user/1000/bus
# environment
VSCODE_VERBOSE_LOGGING = true
# environment
MANAGERPID = 2175
# environment
VSCODE_IPC_HOOK_EXTHOST = /run/user/1000/vscode-ipc-569bedf1-b0a9-490a-99cd-67b00e16b712.sock
# environment
VSCODE_CWD = /home/valerio
# default
MAKE_HOST := x86_64-pc-linux-gnu
# environment
PATH = /home/valerio/.local/bin:/home/valerio/.local/share/pnpm:/home/valerio/.local/bin:/home/valerio/.local/share/pnpm:/usr/local/sbin:/usr/local/bin:/usr/sbin:/usr/bin:/sbin:/bin:/usr/games:/usr/local/games:/snap/bin
# environment
GPG_AGENT_INFO = /run/user/1000/gnupg/S.gpg-agent:0:1
# environment
SESSION_MANAGER = local/thebigbot:@/tmp/.ICE-unix/2504,unix/thebigbot:/tmp/.ICE-unix/2504
# environment
XDG_RUNTIME_DIR = /run/user/1000
# environment
PNPM_HOME = /home/valerio/.local/share/pnpm
# makefile (from 'Makefile', line 1)
MAKEFILE_LIST :=  Makefile
# environment
XDG_MENU_PREFIX = gnome-
# environment
VSCODE_LOG_STACK = true
# environment
ELECTRON_RUN_AS_NODE = 1
# environment
INVOCATION_ID = 7a9509ee17e44d6f9e7e402a1b9eb88e
# default
.FEATURES := target-specific order-only second-expansion else-if shortest-stem undefine oneshell archives jobserver output-sync check-symlink load
# environment
XDG_SESSION_DESKTOP = ubuntu
# environment
SSH_AUTH_SOCK = /run/user/1000/keyring/ssh
# environment
GIO_LAUNCHED_DESKTOP_FILE_PID = 39259
# automatic
%F = $(notdir $%)
# environment
DISPLAY = :0
# environment
VSCODE_PIPE_LOGGING = true
# environment
PWD = /home/valerio/Scrivania/miaofetch
# default
.LOADED := 
# environment
SSH_AGENT_PID = 2464
# environment
ORIGINAL_XDG_CURRENT_DESKTOP = ubuntu:GNOME
# environment
GTK_MODULES = gail:atk-bridge:appmenu-gtk-module
# environment
VSCODE_AMD_ENTRYPOINT = vs/workbench/api/node/extensionHostProcess
# environment
HOME = /home/valerio
# environment
VSCODE_CODE_CACHE_PATH = /home/valerio/.config/Code - Insiders/CachedData/6428d0fc7dae5801cdaf2d160ac39a3dfc8f0c06
# environment
LOGNAME = valerio
# environment
APPLICATION_INSIGHTS_NO_DIAGNOSTIC_CHANNEL = 1
# environment
NVM_CD_FLAGS = 
# environment
VSCODE_HANDLES_UNCAUGHT_ERRORS = true
# environment
GNOME_DESKTOP_SESSION_ID = this-is-deprecated
# automatic
^D = $(patsubst %/,%,$(dir $^))
# environment
MAKELEVEL := 0
# default
MAKE = $(MAKE_COMMAND)
# default
MAKECMDGOALS := all
# environment
QT_IM_MODULE = ibus
# environment
SHLVL = 0
# environment
GNOME_SHELL_SESSION_MODE = ubuntu
# default
MAKE_VERSION := 4.2.1
# environment
USER = valerio
# makefile
.DEFAULT_GOAL := 
# environment
XDG_CURRENT_DESKTOP = Unity
# automatic
%D = $(patsubst %/,%,$(dir $%))
# default
MAKE_COMMAND := make
# default
.VARIABLES := 
# automatic
*F = $(notdir $*)
# environment
VSCODE_IPC_HOOK = /run/user/1000/vscode-97caf7f5-1.68.0-insider-main.sock
# makefile
MAKEFLAGS = pqrR
# environment
MFLAGS = -pqrR
# automatic
*D = $(patsubst %/,%,$(dir $*))
# environment
NVM_DIR = /home/valerio/.nvm
# automatic
+D = $(patsubst %/,%,$(dir $+))
# environment
GDK_BACKEND = x11
# automatic
+F = $(notdir $+)
# environment
QT_ACCESSIBILITY = 1
# environment
DEFAULTS_PATH = /usr/share/gconf/ubuntu.default.path
# default
MAKEFILES := 
# automatic
<F = $(notdir $<)
# environment
LC_ALL = C
# environment
GJS_DEBUG_TOPICS = JS ERROR;JS LOG
# automatic
^F = $(notdir $^)
# default
SUFFIXES := 
# environment
CHROME_DESKTOP = code-insiders-url-handler.desktop
# environment
WINDOWPATH = 2
# default
.INCLUDE_DIRS = /usr/include /usr/local/include /usr/include
# environment
GJS_DEBUG_OUTPUT = stderr
# default
.RECIPEPREFIX := 
# environment
LANG = C
# environment
VSCODE_PID = 39259
# environment
STARSHIP_SHELL = bash
# environment
NVM_RC_VERSION = 
# variable set hash-table stats:
# Load=102/1024=10%, Rehash=0, Collisions=15/126=12%

# Pattern-specific Variable Values

# No pattern-specific variable values.

# Directories

# . (device 2069, inode 13901685): 9 files, no impossibilities.

# 9 files, no impossibilities in 1 directories.

# Implicit Rules

# No implicit rules.

# Files

# Not a target:
all:
#  Command line target.
#  Implicit rule search has been done.
#  File does not exist.
#  File has not been updated.

# Not a target:
Makefile:
#  Implicit rule search has been done.
#  Last modified 2022-05-22 20:07:30.528662698
#  File has been updated.
#  Successfully updated.

# Not a target:
.DEFAULT:
#  Implicit rule search has not been done.
#  Modification time never checked.
#  File has not been updated.

# files hash-table stats:
# Load=4/1024=0%, Rehash=0, Collisions=0/14=0%
# VPATH Search Paths

# No 'vpath' search paths.

# No general ('VPATH' variable) search path.

# strcache buffers: 1 (0) / strings = 14 / storage = 110 B / avg = 7 B
# current buf: size = 8162 B / used = 110 B / count = 14 / avg = 7 B

# strcache performance: lookups = 18 / hit rate = 22%
# hash-table stats:
# Load=14/8192=0%, Rehash=0, Collisions=1/18=6%
# Finished Make data base on Fri Jun  3 18:44:05 2022

 
